<?xml version="1.0" encoding="UTF-8"?>
<!-- Generated by org.testng.reporters.JUnitXMLReporter -->
<testsuite hostname="LAPTOP-O8D1T5RF" ignored="3" name="Test" tests="6" failures="1" timestamp="17 Mar 2020 16:33:27 GMT" time="252.324" errors="0">
  <testcase name="loginPageLogoTest" time="2.847" classname="com.jbk.Eproc.TestCases.LoginPageTest"/>
  <testcase name="loginPageTitleTest" time="6.672" classname="com.jbk.Eproc.TestCases.LoginPageTest">
    <failure type="java.lang.AssertionError" message="expected [true] but found [false]">
      <![CDATA[java.lang.AssertionError: expected [true] but found [false]
at com.jbk.Eproc.TestCases.LoginPageTest.loginPageTitleTest(LoginPageTest.java:23)
... Removed 29 stack frames]]>
    </failure>
  </testcase> <!-- loginPageTitleTest -->
  <testcase name="loginTest" time="70.448" classname="com.jbk.Eproc.TestCases.LoginPageTest"/>
  <testcase name="checkRegistrationPageHeaderTest" time="34.471" classname="com.jbk.Eproc.TestCases.RegistrationPageTest"/>
  <testcase name="checkRegistrationPageTitleTest" time="7.572" classname="com.jbk.Eproc.TestCases.RegistrationPageTest"/>
  <testcase name="registerPageTest" time="1.545" classname="com.jbk.Eproc.TestCases.RegistrationPageTest"/>
  <testcase name="@BeforeSuite initialiseExtentReport" time="0.0" classname="com.jbk.Eproc.TestBase.TestBase">
    <ignored/>
  </testcase> <!-- @BeforeSuite initialiseExtentReport -->
  <testcase name="@BeforeSuite loadProperties" time="0.0" classname="com.jbk.Eproc.Base.Base">
    <ignored/>
  </testcase> <!-- @BeforeSuite loadProperties -->
  <testcase name="@AfterSuite endReport" time="0.0" classname="com.jbk.Eproc.TestBase.TestBase">
    <ignored/>
  </testcase> <!-- @AfterSuite endReport -->
</testsuite> <!-- Test -->
