<?xml version="1.0" encoding="UTF-8"?>
<testng-results skipped="0" failed="1" ignored="3" total="9" passed="5">
  <reporter-output>
  </reporter-output>
  <suite name="Suite" duration-ms="252324" started-at="2020-03-17T16:29:14Z" finished-at="2020-03-17T16:33:26Z">
    <groups>
    </groups>
    <test name="Test" duration-ms="252324" started-at="2020-03-17T16:29:14Z" finished-at="2020-03-17T16:33:26Z">
      <class name="com.jbk.Eproc.TestCases.RegistrationPageTest">
        <test-method status="PASS" signature="openBrowser(java.lang.reflect.Method)[pri:0, instance:com.jbk.Eproc.TestCases.RegistrationPageTest@42eca56e]" name="openBrowser" is-config="true" duration-ms="19712" started-at="2020-03-17T16:31:45Z" finished-at="2020-03-17T16:32:05Z">
          <params>
            <param index="0">
              <value>
                <![CDATA[public void com.jbk.Eproc.TestCases.RegistrationPageTest.checkRegistrationPageHeaderTest()]]>
              </value>
            </param>
          </params>
          <reporter-output>
          </reporter-output>
        </test-method> <!-- openBrowser -->
        <test-method status="PASS" signature="parentSetup()[pri:0, instance:com.jbk.Eproc.TestCases.RegistrationPageTest@42eca56e]" name="parentSetup" is-config="true" duration-ms="0" started-at="2020-03-17T16:31:45Z" finished-at="2020-03-17T16:31:45Z">
          <reporter-output>
          </reporter-output>
        </test-method> <!-- parentSetup -->
        <test-method status="PASS" signature="checkRegistrationPageHeaderTest()[pri:0, instance:com.jbk.Eproc.TestCases.RegistrationPageTest@42eca56e]" name="checkRegistrationPageHeaderTest" duration-ms="34471" started-at="2020-03-17T16:32:05Z" finished-at="2020-03-17T16:32:39Z">
          <reporter-output>
          </reporter-output>
        </test-method> <!-- checkRegistrationPageHeaderTest -->
        <test-method status="PASS" signature="closeBrowser()[pri:0, instance:com.jbk.Eproc.TestCases.RegistrationPageTest@42eca56e]" name="closeBrowser" is-config="true" duration-ms="5185" started-at="2020-03-17T16:32:39Z" finished-at="2020-03-17T16:32:44Z">
          <reporter-output>
          </reporter-output>
        </test-method> <!-- closeBrowser -->
        <test-method status="PASS" signature="openBrowser(java.lang.reflect.Method)[pri:0, instance:com.jbk.Eproc.TestCases.RegistrationPageTest@42eca56e]" name="openBrowser" is-config="true" duration-ms="17129" started-at="2020-03-17T16:32:44Z" finished-at="2020-03-17T16:33:01Z">
          <params>
            <param index="0">
              <value>
                <![CDATA[public void com.jbk.Eproc.TestCases.RegistrationPageTest.checkRegistrationPageTitleTest()]]>
              </value>
            </param>
          </params>
          <reporter-output>
          </reporter-output>
        </test-method> <!-- openBrowser -->
        <test-method status="PASS" signature="checkRegistrationPageTitleTest()[pri:0, instance:com.jbk.Eproc.TestCases.RegistrationPageTest@42eca56e]" name="checkRegistrationPageTitleTest" duration-ms="7572" started-at="2020-03-17T16:33:01Z" finished-at="2020-03-17T16:33:09Z">
          <reporter-output>
          </reporter-output>
        </test-method> <!-- checkRegistrationPageTitleTest -->
        <test-method status="PASS" signature="closeBrowser()[pri:0, instance:com.jbk.Eproc.TestCases.RegistrationPageTest@42eca56e]" name="closeBrowser" is-config="true" duration-ms="1868" started-at="2020-03-17T16:33:09Z" finished-at="2020-03-17T16:33:11Z">
          <reporter-output>
          </reporter-output>
        </test-method> <!-- closeBrowser -->
        <test-method status="PASS" signature="openBrowser(java.lang.reflect.Method)[pri:0, instance:com.jbk.Eproc.TestCases.RegistrationPageTest@42eca56e]" name="openBrowser" is-config="true" duration-ms="12504" started-at="2020-03-17T16:33:11Z" finished-at="2020-03-17T16:33:23Z">
          <params>
            <param index="0">
              <value>
                <![CDATA[public void com.jbk.Eproc.TestCases.RegistrationPageTest.registerPageTest()]]>
              </value>
            </param>
          </params>
          <reporter-output>
          </reporter-output>
        </test-method> <!-- openBrowser -->
        <test-method status="PASS" signature="registerPageTest()[pri:0, instance:com.jbk.Eproc.TestCases.RegistrationPageTest@42eca56e]" name="registerPageTest" duration-ms="1545" started-at="2020-03-17T16:33:23Z" finished-at="2020-03-17T16:33:25Z">
          <reporter-output>
          </reporter-output>
        </test-method> <!-- registerPageTest -->
        <test-method status="PASS" signature="closeBrowser()[pri:0, instance:com.jbk.Eproc.TestCases.RegistrationPageTest@42eca56e]" name="closeBrowser" is-config="true" duration-ms="967" started-at="2020-03-17T16:33:25Z" finished-at="2020-03-17T16:33:26Z">
          <reporter-output>
          </reporter-output>
        </test-method> <!-- closeBrowser -->
      </class> <!-- com.jbk.Eproc.TestCases.RegistrationPageTest -->
      <class name="com.jbk.Eproc.TestCases.LoginPageTest">
        <test-method status="PASS" signature="loadProperties()[pri:0, instance:com.jbk.Eproc.TestCases.LoginPageTest@6950e31]" name="loadProperties" is-config="true" duration-ms="308" started-at="2020-03-17T16:29:13Z" finished-at="2020-03-17T16:29:13Z">
          <reporter-output>
          </reporter-output>
        </test-method> <!-- loadProperties -->
        <test-method status="PASS" signature="initialiseExtentReport()[pri:0, instance:com.jbk.Eproc.TestCases.LoginPageTest@6950e31]" name="initialiseExtentReport" is-config="true" duration-ms="734" started-at="2020-03-17T16:29:13Z" depends-on-methods="com.jbk.Eproc.Base.Base.loadProperties" finished-at="2020-03-17T16:29:14Z">
          <reporter-output>
          </reporter-output>
        </test-method> <!-- initialiseExtentReport -->
        <test-method status="PASS" signature="parentSetup()[pri:0, instance:com.jbk.Eproc.TestCases.LoginPageTest@6950e31]" name="parentSetup" is-config="true" duration-ms="16" started-at="2020-03-17T16:29:14Z" finished-at="2020-03-17T16:29:14Z">
          <reporter-output>
          </reporter-output>
        </test-method> <!-- parentSetup -->
        <test-method status="PASS" signature="openBrowser(java.lang.reflect.Method)[pri:0, instance:com.jbk.Eproc.TestCases.LoginPageTest@6950e31]" name="openBrowser" is-config="true" duration-ms="20344" started-at="2020-03-17T16:29:14Z" finished-at="2020-03-17T16:29:34Z">
          <params>
            <param index="0">
              <value>
                <![CDATA[public void com.jbk.Eproc.TestCases.LoginPageTest.loginPageLogoTest()]]>
              </value>
            </param>
          </params>
          <reporter-output>
          </reporter-output>
        </test-method> <!-- openBrowser -->
        <test-method status="PASS" signature="loginPageLogoTest()[pri:0, instance:com.jbk.Eproc.TestCases.LoginPageTest@6950e31]" name="loginPageLogoTest" duration-ms="2847" started-at="2020-03-17T16:29:34Z" finished-at="2020-03-17T16:29:37Z">
          <reporter-output>
          </reporter-output>
        </test-method> <!-- loginPageLogoTest -->
        <test-method status="PASS" signature="closeBrowser()[pri:0, instance:com.jbk.Eproc.TestCases.LoginPageTest@6950e31]" name="closeBrowser" is-config="true" duration-ms="2170" started-at="2020-03-17T16:29:37Z" finished-at="2020-03-17T16:29:39Z">
          <reporter-output>
          </reporter-output>
        </test-method> <!-- closeBrowser -->
        <test-method status="PASS" signature="openBrowser(java.lang.reflect.Method)[pri:0, instance:com.jbk.Eproc.TestCases.LoginPageTest@6950e31]" name="openBrowser" is-config="true" duration-ms="14026" started-at="2020-03-17T16:29:39Z" finished-at="2020-03-17T16:29:53Z">
          <params>
            <param index="0">
              <value>
                <![CDATA[public void com.jbk.Eproc.TestCases.LoginPageTest.loginPageTitleTest()]]>
              </value>
            </param>
          </params>
          <reporter-output>
          </reporter-output>
        </test-method> <!-- openBrowser -->
        <test-method status="FAIL" signature="loginPageTitleTest()[pri:0, instance:com.jbk.Eproc.TestCases.LoginPageTest@6950e31]" name="loginPageTitleTest" duration-ms="6672" started-at="2020-03-17T16:29:53Z" finished-at="2020-03-17T16:30:00Z">
          <exception class="java.lang.AssertionError">
            <message>
              <![CDATA[expected [true] but found [false]]]>
            </message>
            <full-stacktrace>
              <![CDATA[java.lang.AssertionError: expected [true] but found [false]
at org.testng.Assert.fail(Assert.java:96)
at org.testng.Assert.failNotEquals(Assert.java:776)
at org.testng.Assert.assertTrue(Assert.java:44)
at org.testng.Assert.assertTrue(Assert.java:54)
at com.jbk.Eproc.TestCases.LoginPageTest.loginPageTitleTest(LoginPageTest.java:23)
at sun.reflect.NativeMethodAccessorImpl.invoke0(Native Method)
at sun.reflect.NativeMethodAccessorImpl.invoke(NativeMethodAccessorImpl.java:62)
at sun.reflect.DelegatingMethodAccessorImpl.invoke(DelegatingMethodAccessorImpl.java:43)
at java.lang.reflect.Method.invoke(Method.java:498)
at org.testng.internal.MethodInvocationHelper.invokeMethod(MethodInvocationHelper.java:124)
at org.testng.internal.Invoker.invokeMethod(Invoker.java:583)
at org.testng.internal.Invoker.invokeTestMethod(Invoker.java:719)
at org.testng.internal.Invoker.invokeTestMethods(Invoker.java:989)
at org.testng.internal.TestMethodWorker.invokeTestMethods(TestMethodWorker.java:125)
at org.testng.internal.TestMethodWorker.run(TestMethodWorker.java:109)
at org.testng.TestRunner.privateRun(TestRunner.java:648)
at org.testng.TestRunner.run(TestRunner.java:505)
at org.testng.SuiteRunner.runTest(SuiteRunner.java:455)
at org.testng.SuiteRunner.runSequentially(SuiteRunner.java:450)
at org.testng.SuiteRunner.privateRun(SuiteRunner.java:415)
at org.testng.SuiteRunner.run(SuiteRunner.java:364)
at org.testng.SuiteRunnerWorker.runSuite(SuiteRunnerWorker.java:52)
at org.testng.SuiteRunnerWorker.run(SuiteRunnerWorker.java:84)
at org.testng.TestNG.runSuitesSequentially(TestNG.java:1208)
at org.testng.TestNG.runSuitesLocally(TestNG.java:1137)
at org.testng.TestNG.runSuites(TestNG.java:1049)
at org.testng.TestNG.run(TestNG.java:1017)
at org.testng.remote.AbstractRemoteTestNG.run(AbstractRemoteTestNG.java:132)
at org.testng.remote.RemoteTestNG.initAndRun(RemoteTestNG.java:236)
at org.testng.remote.RemoteTestNG.main(RemoteTestNG.java:81)
]]>
            </full-stacktrace>
          </exception> <!-- java.lang.AssertionError -->
          <reporter-output>
          </reporter-output>
        </test-method> <!-- loginPageTitleTest -->
        <test-method status="PASS" signature="closeBrowser()[pri:0, instance:com.jbk.Eproc.TestCases.LoginPageTest@6950e31]" name="closeBrowser" is-config="true" duration-ms="2049" started-at="2020-03-17T16:30:00Z" finished-at="2020-03-17T16:30:02Z">
          <reporter-output>
          </reporter-output>
        </test-method> <!-- closeBrowser -->
        <test-method status="PASS" signature="openBrowser(java.lang.reflect.Method)[pri:0, instance:com.jbk.Eproc.TestCases.LoginPageTest@6950e31]" name="openBrowser" is-config="true" duration-ms="29828" started-at="2020-03-17T16:30:02Z" finished-at="2020-03-17T16:30:32Z">
          <params>
            <param index="0">
              <value>
                <![CDATA[public void com.jbk.Eproc.TestCases.LoginPageTest.loginTest()]]>
              </value>
            </param>
          </params>
          <reporter-output>
          </reporter-output>
        </test-method> <!-- openBrowser -->
        <test-method status="PASS" signature="loginTest()[pri:0, instance:com.jbk.Eproc.TestCases.LoginPageTest@6950e31]" name="loginTest" duration-ms="70448" started-at="2020-03-17T16:30:32Z" finished-at="2020-03-17T16:31:42Z">
          <reporter-output>
          </reporter-output>
        </test-method> <!-- loginTest -->
        <test-method status="PASS" signature="closeBrowser()[pri:0, instance:com.jbk.Eproc.TestCases.LoginPageTest@6950e31]" name="closeBrowser" is-config="true" duration-ms="2877" started-at="2020-03-17T16:31:42Z" finished-at="2020-03-17T16:31:45Z">
          <reporter-output>
          </reporter-output>
        </test-method> <!-- closeBrowser -->
        <test-method status="PASS" signature="endReport()[pri:0, instance:com.jbk.Eproc.TestCases.LoginPageTest@6950e31]" name="endReport" is-config="true" duration-ms="2026" started-at="2020-03-17T16:33:27Z" finished-at="2020-03-17T16:33:29Z">
          <reporter-output>
          </reporter-output>
        </test-method> <!-- endReport -->
      </class> <!-- com.jbk.Eproc.TestCases.LoginPageTest -->
    </test> <!-- Test -->
  </suite> <!-- Suite -->
</testng-results>
